ninja: Entering directory `/Users/aurum/Projects/Atollis/3d-core/build'
[1/4] Building CXX object magis/CMakeFiles/magis_lib.dir/src/app/application.cpp.o
[2/4] Building CXX object magis/CMakeFiles/magis_lib.dir/src/app/app_mo_separator_unifier.cpp.o
FAILED: [code=1] magis/CMakeFiles/magis_lib.dir/src/app/app_mo_separator_unifier.cpp.o 
/Users/aurum/GGIS_DEV/emsdk/upstream/emscripten/em++ -DBOOST_NO_CXX98_FUNCTION_BASE -I/Users/aurum/Projects/Atollis/3d-core/magis/src -I/Users/aurum/Projects/Atollis/3d-core/build/magis -I/Users/aurum/Projects/Atollis/3d-core/modules/submodule_boolean/src -I/Users/aurum/Projects/Atollis/3d-core/modules/submodule_general/src -I/Users/aurum/Projects/Atollis/3d-core/modules/submodule_geometric_2d/src -I/Users/aurum/Projects/Atollis/3d-core/modules/submodule_geometric_core/src -I/Users/aurum/Projects/Atollis/3d-core/modules/submodule_geometric_model/src -I/Users/aurum/Projects/Atollis/3d-core/modules/submodule_geometric_primitive/src -I/Users/aurum/Projects/Atollis/3d-core/modules/submodule_smoothing/src -I/Users/aurum/Projects/Atollis/3d-core/modules/submodule_triangulation/src -I/Users/aurum/Projects/Atollis/3d-core/modules/submodule_visualization/src -I/Users/aurum/Projects/Atollis/3d-core/modules/import/src -I/Users/aurum/Projects/Atollis/3d-core/modules/geos_adapter/src -I/Users/aurum/Projects/Atollis/3d-core/modules/boost_geom_adapter/src -I/Users/aurum/Projects/Atollis/3d-core/external/exprtk -Wno-everything  -g -O0 -fexceptions -sMEMORY64=1 -sUSE_SQLITE3 -sUSE_LIBJPEG -sUSE_LIBPNG -sUSE_ZLIB -sUSE_BOOST_HEADERS -sUSE_SDL=2  -DELPP_NO_DEFAULT_LOG_FILE -DBOOST_ALL_NO_LIB -O3 -DNDEBUG -std=c++20 -Winvalid-pch -Xclang -include-pch -Xclang /Users/aurum/Projects/Atollis/3d-core/build/magis/CMakeFiles/magis_lib.dir/cmake_pch.hxx.pch -Xclang -include -Xclang /Users/aurum/Projects/Atollis/3d-core/build/magis/CMakeFiles/magis_lib.dir/cmake_pch.hxx -MD -MT magis/CMakeFiles/magis_lib.dir/src/app/app_mo_separator_unifier.cpp.o -MF magis/CMakeFiles/magis_lib.dir/src/app/app_mo_separator_unifier.cpp.o.d @magis/CMakeFiles/magis_lib.dir/src/app/app_mo_separator_unifier.cpp.o.modmap -o magis/CMakeFiles/magis_lib.dir/src/app/app_mo_separator_unifier.cpp.o -c /Users/aurum/Projects/Atollis/3d-core/magis/src/app/app_mo_separator_unifier.cpp
PLEASE submit a bug report to https://github.com/llvm/llvm-project/issues/ and include the crash backtrace, preprocessed source, and associated run script.
Stack dump:
0.	Program arguments: /Users/aurum/GGIS_DEV/emsdk/upstream/bin/clang++ -target wasm64-unknown-emscripten -mllvm -combiner-global-alias-analysis=false -mllvm -enable-emscripten-cxx-exceptions -mllvm -enable-emscripten-sjlj -mllvm -disable-lsr --sysroot=/Users/aurum/GGIS_DEV/emsdk/upstream/emscripten/cache/sysroot -DEMSCRIPTEN -DBOOST_ALL_NO_LIB -isystem /Users/aurum/GGIS_DEV/emsdk/upstream/emscripten/cache/sysroot/include/SDL2 -Xclang -iwithsysroot/include/compat -DBOOST_NO_CXX98_FUNCTION_BASE -I/Users/aurum/Projects/Atollis/3d-core/magis/src -I/Users/aurum/Projects/Atollis/3d-core/build/magis -I/Users/aurum/Projects/Atollis/3d-core/modules/submodule_boolean/src -I/Users/aurum/Projects/Atollis/3d-core/modules/submodule_general/src -I/Users/aurum/Projects/Atollis/3d-core/modules/submodule_geometric_2d/src -I/Users/aurum/Projects/Atollis/3d-core/modules/submodule_geometric_core/src -I/Users/aurum/Projects/Atollis/3d-core/modules/submodule_geometric_model/src -I/Users/aurum/Projects/Atollis/3d-core/modules/submodule_geometric_primitive/src -I/Users/aurum/Projects/Atollis/3d-core/modules/submodule_smoothing/src -I/Users/aurum/Projects/Atollis/3d-core/modules/submodule_triangulation/src -I/Users/aurum/Projects/Atollis/3d-core/modules/submodule_visualization/src -I/Users/aurum/Projects/Atollis/3d-core/modules/import/src -I/Users/aurum/Projects/Atollis/3d-core/modules/geos_adapter/src -I/Users/aurum/Projects/Atollis/3d-core/modules/boost_geom_adapter/src -I/Users/aurum/Projects/Atollis/3d-core/external/exprtk -Wno-everything -g3 -O0 -fexceptions -DELPP_NO_DEFAULT_LOG_FILE -DBOOST_ALL_NO_LIB -O3 -DNDEBUG -std=c++20 -Winvalid-pch -Xclang -include-pch -Xclang /Users/aurum/Projects/Atollis/3d-core/build/magis/CMakeFiles/magis_lib.dir/cmake_pch.hxx.pch -Xclang -include -Xclang /Users/aurum/Projects/Atollis/3d-core/build/magis/CMakeFiles/magis_lib.dir/cmake_pch.hxx -MD -MT magis/CMakeFiles/magis_lib.dir/src/app/app_mo_separator_unifier.cpp.o -MF magis/CMakeFiles/magis_lib.dir/src/app/app_mo_separator_unifier.cpp.o.d -fmodule-file=app_mo_separator_unifier=magis/CMakeFiles/magis_lib.dir/app_mo_separator_unifier.pcm -omagis/CMakeFiles/magis_lib.dir/src/app/app_mo_separator_unifier.cpp.o -c /Users/aurum/Projects/Atollis/3d-core/magis/src/app/app_mo_separator_unifier.cpp
1.	<eof> parser at end of file
2.	Optimizer
3.	Running pass "require<globals-aa>,function(invalidate<aa>),require<profile-summary>,cgscc(devirt<4>(inline,function-attrs<skip-non-recursive-function-attrs>,argpromotion,openmp-opt-cgscc,function<eager-inv;no-rerun>(sroa<modify-cfg>,early-cse<memssa>,speculative-execution<only-if-divergent-target>,jump-threading,correlated-propagation,simplifycfg<bonus-inst-threshold=1;no-forward-switch-cond;switch-range-to-icmp;no-switch-to-lookup;keep-loops;no-hoist-common-insts;no-hoist-loads-stores-with-cond-faulting;no-sink-common-insts;speculate-blocks;simplify-cond-branch;no-speculate-unpredictables>,instcombine<max-iterations=1;no-verify-fixpoint>,aggressive-instcombine,libcalls-shrinkwrap,tailcallelim,simplifycfg<bonus-inst-threshold=1;no-forward-switch-cond;switch-range-to-icmp;no-switch-to-lookup;keep-loops;no-hoist-common-insts;no-hoist-loads-stores-with-cond-faulting;no-sink-common-insts;speculate-blocks;simplify-cond-branch;no-speculate-unpredictables>,reassociate,constraint-elimination,loop-mssa(loop-instsimplify,loop-simplifycfg,licm<no-allowspeculation>,loop-rotate<header-duplication;no-prepare-for-lto>,licm<allowspeculation>,simple-loop-unswitch<nontrivial;trivial>),simplifycfg<bonus-inst-threshold=1;no-forward-switch-cond;switch-range-to-icmp;no-switch-to-lookup;keep-loops;no-hoist-common-insts;no-hoist-loads-stores-with-cond-faulting;no-sink-common-insts;speculate-blocks;simplify-cond-branch;no-speculate-unpredictables>,instcombine<max-iterations=1;no-verify-fixpoint>,loop(loop-idiom,indvars,extra-simple-loop-unswitch-passes,loop-deletion,loop-unroll-full),sroa<modify-cfg>,vector-combine,mldst-motion<no-split-footer-bb>,gvn<>,sccp,bdce,instcombine<max-iterations=1;no-verify-fixpoint>,jump-threading,correlated-propagation,adce,memcpyopt,dse,move-auto-init,loop-mssa(licm<allowspeculation>),coro-elide,simplifycfg<bonus-inst-threshold=1;no-forward-switch-cond;switch-range-to-icmp;no-switch-to-lookup;keep-loops;hoist-common-insts;no-hoist-loads-stores-with-cond-faulting;sink-common-insts;speculate-blocks;simplify-cond-branch;no-speculate-unpredictables>,instcombine<max-iterations=1;no-verify-fixpoint>),function-attrs,function(require<should-not-run-function-passes>),coro-split,coro-annotation-elide)),function(invalidate<should-not-run-function-passes>),cgscc(devirt<4>())" on module "/Users/aurum/Projects/Atollis/3d-core/magis/src/app/app_mo_separator_unifier.cpp"
4.	Running pass "cgscc(devirt<4>(inline,function-attrs<skip-non-recursive-function-attrs>,argpromotion,openmp-opt-cgscc,function<eager-inv;no-rerun>(sroa<modify-cfg>,early-cse<memssa>,speculative-execution<only-if-divergent-target>,jump-threading,correlated-propagation,simplifycfg<bonus-inst-threshold=1;no-forward-switch-cond;switch-range-to-icmp;no-switch-to-lookup;keep-loops;no-hoist-common-insts;no-hoist-loads-stores-with-cond-faulting;no-sink-common-insts;speculate-blocks;simplify-cond-branch;no-speculate-unpredictables>,instcombine<max-iterations=1;no-verify-fixpoint>,aggressive-instcombine,libcalls-shrinkwrap,tailcallelim,simplifycfg<bonus-inst-threshold=1;no-forward-switch-cond;switch-range-to-icmp;no-switch-to-lookup;keep-loops;no-hoist-common-insts;no-hoist-loads-stores-with-cond-faulting;no-sink-common-insts;speculate-blocks;simplify-cond-branch;no-speculate-unpredictables>,reassociate,constraint-elimination,loop-mssa(loop-instsimplify,loop-simplifycfg,licm<no-allowspeculation>,loop-rotate<header-duplication;no-prepare-for-lto>,licm<allowspeculation>,simple-loop-unswitch<nontrivial;trivial>),simplifycfg<bonus-inst-threshold=1;no-forward-switch-cond;switch-range-to-icmp;no-switch-to-lookup;keep-loops;no-hoist-common-insts;no-hoist-loads-stores-with-cond-faulting;no-sink-common-insts;speculate-blocks;simplify-cond-branch;no-speculate-unpredictables>,instcombine<max-iterations=1;no-verify-fixpoint>,loop(loop-idiom,indvars,extra-simple-loop-unswitch-passes,loop-deletion,loop-unroll-full),sroa<modify-cfg>,vector-combine,mldst-motion<no-split-footer-bb>,gvn<>,sccp,bdce,instcombine<max-iterations=1;no-verify-fixpoint>,jump-threading,correlated-propagation,adce,memcpyopt,dse,move-auto-init,loop-mssa(licm<allowspeculation>),coro-elide,simplifycfg<bonus-inst-threshold=1;no-forward-switch-cond;switch-range-to-icmp;no-switch-to-lookup;keep-loops;hoist-common-insts;no-hoist-loads-stores-with-cond-faulting;sink-common-insts;speculate-blocks;simplify-cond-branch;no-speculate-unpredictables>,instcombine<max-iterations=1;no-verify-fixpoint>),function-attrs,function(require<should-not-run-function-passes>),coro-split,coro-annotation-elide))" on module "/Users/aurum/Projects/Atollis/3d-core/magis/src/app/app_mo_separator_unifier.cpp"
 #0 0x000000010335e7c8 llvm::sys::PrintStackTrace(llvm::raw_ostream&, int) (/Users/aurum/GGIS_DEV/emsdk/upstream/bin/clang-22+0x10123a7c8)
 #1 0x000000010335beac llvm::sys::RunSignalHandlers() (/Users/aurum/GGIS_DEV/emsdk/upstream/bin/clang-22+0x101237eac)
 #2 0x000000010335dd34 llvm::sys::CleanupOnSignal(unsigned long) (/Users/aurum/GGIS_DEV/emsdk/upstream/bin/clang-22+0x101239d34)
 #3 0x00000001032c9f44 CrashRecoverySignalHandler(int) (.llvm.10330119405907833033) (/Users/aurum/GGIS_DEV/emsdk/upstream/bin/clang-22+0x1011a5f44)
 #4 0x00000001888c6744 (/usr/lib/system/libsystem_platform.dylib+0x1804d6744)
 #5 0x0000000102f1685c llvm::LazyCallGraph::visitReferences(llvm::SmallVectorImpl<llvm::Constant*>&, llvm::SmallPtrSetImpl<llvm::Constant*>&, llvm::function_ref<void (llvm::Function&)>) (/Users/aurum/GGIS_DEV/emsdk/upstream/bin/clang-22+0x100df285c)
 #6 0x0000000102f16ebc llvm::LazyCallGraph::LazyCallGraph(llvm::Module&, llvm::function_ref<llvm::TargetLibraryInfo& (llvm::Function&)>) (/Users/aurum/GGIS_DEV/emsdk/upstream/bin/clang-22+0x100df2ebc)
 #7 0x00000001048ff4c4 llvm::detail::AnalysisPassModel<llvm::Module, llvm::LazyCallGraphAnalysis, llvm::AnalysisManager<llvm::Module>::Invalidator>::run(llvm::Module&, llvm::AnalysisManager<llvm::Module>&) (/Users/aurum/GGIS_DEV/emsdk/upstream/bin/clang-22+0x1027db4c4)
 #8 0x0000000102e83750 llvm::AnalysisManager<llvm::Module>::getResultImpl(llvm::AnalysisKey*, llvm::Module&) (/Users/aurum/GGIS_DEV/emsdk/upstream/bin/clang-22+0x100d5f750)
 #9 0x0000000104944948 llvm::detail::AnalysisPassModel<llvm::Module, llvm::InnerAnalysisManagerProxy<llvm::AnalysisManager<llvm::LazyCallGraph::SCC, llvm::LazyCallGraph&>, llvm::Module>, llvm::AnalysisManager<llvm::Module>::Invalidator>::run(llvm::Module&, llvm::AnalysisManager<llvm::Module>&) (/Users/aurum/GGIS_DEV/emsdk/upstream/bin/clang-22+0x102820948)
#10 0x0000000102e83750 llvm::AnalysisManager<llvm::Module>::getResultImpl(llvm::AnalysisKey*, llvm::Module&) (/Users/aurum/GGIS_DEV/emsdk/upstream/bin/clang-22+0x100d5f750)
#11 0x0000000102f32a3c llvm::ModuleToPostOrderCGSCCPassAdaptor::run(llvm::Module&, llvm::AnalysisManager<llvm::Module>&) (/Users/aurum/GGIS_DEV/emsdk/upstream/bin/clang-22+0x100e0ea3c)
#12 0x0000000102e8096c llvm::PassManager<llvm::Module, llvm::AnalysisManager<llvm::Module>>::run(llvm::Module&, llvm::AnalysisManager<llvm::Module>&) (/Users/aurum/GGIS_DEV/emsdk/upstream/bin/clang-22+0x100d5c96c)
#13 0x0000000104307a48 llvm::ModuleInlinerWrapperPass::run(llvm::Module&, llvm::AnalysisManager<llvm::Module>&) (/Users/aurum/GGIS_DEV/emsdk/upstream/bin/clang-22+0x1021e3a48)
#14 0x0000000102e8096c llvm::PassManager<llvm::Module, llvm::AnalysisManager<llvm::Module>>::run(llvm::Module&, llvm::AnalysisManager<llvm::Module>&) (/Users/aurum/GGIS_DEV/emsdk/upstream/bin/clang-22+0x100d5c96c)
#15 0x0000000103b7d9bc (anonymous namespace)::EmitAssemblyHelper::RunOptimizationPipeline(clang::BackendAction, std::__2::unique_ptr<llvm::raw_pwrite_stream, std::__2::default_delete<llvm::raw_pwrite_stream>>&, std::__2::unique_ptr<llvm::ToolOutputFile, std::__2::default_delete<llvm::ToolOutputFile>>&, clang::BackendConsumer*) (/Users/aurum/GGIS_DEV/emsdk/upstream/bin/clang-22+0x101a599bc)
#16 0x0000000103b755b0 clang::emitBackendOutput(clang::CompilerInstance&, clang::CodeGenOptions&, llvm::StringRef, llvm::Module*, clang::BackendAction, llvm::IntrusiveRefCntPtr<llvm::vfs::FileSystem>, std::__2::unique_ptr<llvm::raw_pwrite_stream, std::__2::default_delete<llvm::raw_pwrite_stream>>, clang::BackendConsumer*) (/Users/aurum/GGIS_DEV/emsdk/upstream/bin/clang-22+0x101a515b0)
#17 0x00000001039c1e10 clang::BackendConsumer::HandleTranslationUnit(clang::ASTContext&) (/Users/aurum/GGIS_DEV/emsdk/upstream/bin/clang-22+0x10189de10)
#18 0x0000000104eae590 clang::ParseAST(clang::Sema&, bool, bool) (/Users/aurum/GGIS_DEV/emsdk/upstream/bin/clang-22+0x102d8a590)
#19 0x0000000103f3b83c clang::FrontendAction::Execute() (/Users/aurum/GGIS_DEV/emsdk/upstream/bin/clang-22+0x101e1783c)
#20 0x0000000103ead79c clang::CompilerInstance::ExecuteAction(clang::FrontendAction&) (/Users/aurum/GGIS_DEV/emsdk/upstream/bin/clang-22+0x101d8979c)
#21 0x000000010402e4e4 clang::ExecuteCompilerInvocation(clang::CompilerInstance*) (/Users/aurum/GGIS_DEV/emsdk/upstream/bin/clang-22+0x101f0a4e4)
#22 0x00000001021be868 cc1_main(llvm::ArrayRef<char const*>, char const*, void*) (/Users/aurum/GGIS_DEV/emsdk/upstream/bin/clang-22+0x10009a868)
#23 0x00000001021bc1d0 ExecuteCC1Tool(llvm::SmallVectorImpl<char const*>&, llvm::ToolContext const&, llvm::IntrusiveRefCntPtr<llvm::vfs::FileSystem>) (/Users/aurum/GGIS_DEV/emsdk/upstream/bin/clang-22+0x1000981d0)
#24 0x00000001021bd59c int llvm::function_ref<int (llvm::SmallVectorImpl<char const*>&)>::callback_fn<clang_main(int, char**, llvm::ToolContext const&)::$_0>(long, llvm::SmallVectorImpl<char const*>&) (/Users/aurum/GGIS_DEV/emsdk/upstream/bin/clang-22+0x10009959c)
#25 0x0000000103d39270 void llvm::function_ref<void ()>::callback_fn<clang::driver::CC1Command::Execute(llvm::ArrayRef<std::__2::optional<llvm::StringRef>>, std::__2::basic_string<char, std::__2::char_traits<char>, std::__2::allocator<char>>*, bool*) const::$_0>(long) (/Users/aurum/GGIS_DEV/emsdk/upstream/bin/clang-22+0x101c15270)
#26 0x00000001032c9c48 llvm::CrashRecoveryContext::RunSafely(llvm::function_ref<void ()>) (/Users/aurum/GGIS_DEV/emsdk/upstream/bin/clang-22+0x1011a5c48)
#27 0x0000000103d38950 clang::driver::CC1Command::Execute(llvm::ArrayRef<std::__2::optional<llvm::StringRef>>, std::__2::basic_string<char, std::__2::char_traits<char>, std::__2::allocator<char>>*, bool*) const (/Users/aurum/GGIS_DEV/emsdk/upstream/bin/clang-22+0x101c14950)
#28 0x0000000103cfbab0 clang::driver::Compilation::ExecuteCommand(clang::driver::Command const&, clang::driver::Command const*&, bool) const (/Users/aurum/GGIS_DEV/emsdk/upstream/bin/clang-22+0x101bd7ab0)
#29 0x0000000103cfbc00 clang::driver::Compilation::ExecuteJobs(clang::driver::JobList const&, llvm::SmallVectorImpl<std::__2::pair<int, clang::driver::Command const*>>&, bool) const (/Users/aurum/GGIS_DEV/emsdk/upstream/bin/clang-22+0x101bd7c00)
#30 0x0000000103d17c60 clang::driver::Driver::ExecuteCompilation(clang::driver::Compilation&, llvm::SmallVectorImpl<std::__2::pair<int, clang::driver::Command const*>>&) (/Users/aurum/GGIS_DEV/emsdk/upstream/bin/clang-22+0x101bf3c60)
#31 0x00000001021bb070 clang_main(int, char**, llvm::ToolContext const&) (/Users/aurum/GGIS_DEV/emsdk/upstream/bin/clang-22+0x100097070)
#32 0x00000001021c9624 main (/Users/aurum/GGIS_DEV/emsdk/upstream/bin/clang-22+0x1000a5624)
#33 0x00000001884fdd54
clang++: error: clang frontend command failed with exit code 139 (use -v to see invocation)
clang version 22.0.0git (https:/github.com/llvm/llvm-project c4e1bca407f4cca7644937c117890fad157fec4b)
Target: wasm64-unknown-emscripten
Thread model: posix
InstalledDir: /Users/aurum/GGIS_DEV/emsdk/upstream/bin
clang++: note: diagnostic msg: 
********************

PLEASE ATTACH THE FOLLOWING FILES TO THE BUG REPORT:
Preprocessed source(s) and associated run script(s) are located at:
clang++: note: diagnostic msg: /var/folders/6g/b6tv394d3hx3zccjy5cs1mhc0000gn/T/app_mo_separator_unifier-09b611.cpp
clang++: note: diagnostic msg: /var/folders/6g/b6tv394d3hx3zccjy5cs1mhc0000gn/T/app_mo_separator_unifier-09b611.sh
clang++: note: diagnostic msg: Crash backtrace is located in
clang++: note: diagnostic msg: /Users/aurum/Library/Logs/DiagnosticReports/clang-22_<YYYY-MM-DD-HHMMSS>_<hostname>.crash
clang++: note: diagnostic msg: (choose the .crash file that corresponds to your crash)
clang++: note: diagnostic msg: 

********************
ninja: build stopped: subcommand failed.
