PLEASE submit a bug report to https://github.com/llvm/llvm-project/issues/ and include the crash backtrace, preprocessed source, and associated run script.
Stack dump:
0.      Program arguments: /home/build/bin/llvm/bin/clang-20 -cc1 -triple x86_64-unknown-linux-gnu -emit-obj -dumpdir a- -disable-free -clear-ast-before-backend -disable-llvm-verifier -discard-value-names -main-file-name test.cpp -mrelocation-model pic -pic-level 2 -pic-is-pie -mframe-pointer=all -fmath-errno -ffp-contract=on -fno-rounding-math -mconstructor-aliases -funwind-tables=2 -target-cpu x86-64 -tune-cpu generic -debugger-tuning=gdb -fdebug-compilation-dir=/home/cppfuzz -fcoverage-compilation-dir=/home/cppfuzz -resource-dir /home/build/bin/llvm/lib/clang/20 -internal-isystem /usr/lib/gcc/x86_64-linux-gnu/11/../../../../include/c++/11 -internal-isystem /usr/lib/gcc/x86_64-linux-gnu/11/../../../../include/x86_64-linux-gnu/c++/11 -internal-isystem /usr/lib/gcc/x86_64-linux-gnu/11/../../../../include/c++/11/backward -internal-isystem /home/build/bin/llvm/lib/clang/20/include -internal-isystem /usr/local/include -internal-isystem /usr/lib/gcc/x86_64-linux-gnu/11/../../../../x86_64-linux-gnu/include -internal-externc-isystem /usr/include/x86_64-linux-gnu -internal-externc-isystem /include -internal-externc-isystem /usr/include --std=c++23 -fdeprecated-macro -ferror-limit 19 -fgnuc-version=4.2.1 -fno-implicit-modules -fskip-odr-check-in-gmf -fcxx-exceptions -fexceptions -fcolor-diagnostics -faddrsig -D__GCC_HAVE_DWARF2_CFI_ASM=1 -o /tmp/test-4b1a75.o -x c++ /home/test.cpp
1.      <eof> parser at end of file
2.      /home/test.cpp:4:25: instantiating function definition 'tmain<int>'
  #0 0x000055e420763d40 llvm::sys::PrintStackTrace(llvm::raw_ostream&, int) (/home/build/bin/llvm/bin/clang-20+0x3e27d40)
  #1 0x000055e420761581 SignalHandler(int) Signals.cpp:0:0
  #2 0x00007f3ed70d4520 (/lib/x86_64-linux-gnu/libc.so.6+0x42520)
  #3 0x000055e423ee4f9a (anonymous namespace)::CXXNameMangler::mangleName(clang::GlobalDecl) ItaniumMangle.cpp:0:0
  #4 0x000055e423ef39bd (anonymous namespace)::CXXNameMangler::mangleFunctionEncoding(clang::GlobalDecl) ItaniumMangle.cpp:0:0
  #5 0x000055e423ee477a (anonymous namespace)::CXXNameMangler::mangleLocalName(clang::GlobalDecl, llvm::SmallVector<llvm::StringRef, 4u> const*) ItaniumMangle.cpp:0:0
  #6 0x000055e423ee5687 (anonymous namespace)::CXXNameMangler::mangleName(clang::GlobalDecl) ItaniumMangle.cpp:0:0
  #7 0x000055e423ef39bd (anonymous namespace)::CXXNameMangler::mangleFunctionEncoding(clang::GlobalDecl) ItaniumMangle.cpp:0:0
  #8 0x000055e423ee477a (anonymous namespace)::CXXNameMangler::mangleLocalName(clang::GlobalDecl, llvm::SmallVector<llvm::StringRef, 4u> const*) ItaniumMangle.cpp:0:0
  #9 0x000055e423ee5687 (anonymous namespace)::CXXNameMangler::mangleName(clang::GlobalDecl) ItaniumMangle.cpp:0:0
 #10 0x000055e423ee6776 (anonymous namespace)::CXXNameMangler::mangleType(clang::QualType) ItaniumMangle.cpp:0:0
 #11 0x000055e423efb200 (anonymous namespace)::CXXNameMangler::mangleTemplateArg(clang::TemplateArgument, bool) ItaniumMangle.cpp:0:0
 #12 0x000055e423ef8840 (anonymous namespace)::CXXNameMangler::mangleTemplateArgs(clang::TemplateName, clang::TemplateArgumentList const&) ItaniumMangle.cpp:0:0
 #13 0x000055e423ee4f11 (anonymous namespace)::CXXNameMangler::mangleNameWithAbiTags(clang::GlobalDecl, llvm::SmallVector<llvm::StringRef, 4u> const*) ItaniumMangle.cpp:0:0
 #14 0x000055e423ee5687 (anonymous namespace)::CXXNameMangler::mangleName(clang::GlobalDecl) ItaniumMangle.cpp:0:0
 #15 0x000055e423ee6776 (anonymous namespace)::CXXNameMangler::mangleType(clang::QualType) ItaniumMangle.cpp:0:0
 #16 0x000055e423ee661a (anonymous namespace)::CXXNameMangler::mangleType(clang::QualType) ItaniumMangle.cpp:0:0
 #17 0x000055e423ee67dd (anonymous namespace)::CXXNameMangler::mangleType(clang::QualType) ItaniumMangle.cpp:0:0
 #18 0x000055e423ef2a69 (anonymous namespace)::CXXNameMangler::mangleBareFunctionType(clang::FunctionProtoType const*, bool, clang::FunctionDecl const*) ItaniumMangle.cpp:0:0
 #19 0x000055e423ef39cc (anonymous namespace)::CXXNameMangler::mangleFunctionEncoding(clang::GlobalDecl) ItaniumMangle.cpp:0:0
 #20 0x000055e423ee477a (anonymous namespace)::CXXNameMangler::mangleLocalName(clang::GlobalDecl, llvm::SmallVector<llvm::StringRef, 4u> const*) ItaniumMangle.cpp:0:0
 #21 0x000055e423ee5687 (anonymous namespace)::CXXNameMangler::mangleName(clang::GlobalDecl) ItaniumMangle.cpp:0:0
 #22 0x000055e423ee6776 (anonymous namespace)::CXXNameMangler::mangleType(clang::QualType) ItaniumMangle.cpp:0:0
 #23 0x000055e423efb200 (anonymous namespace)::CXXNameMangler::mangleTemplateArg(clang::TemplateArgument, bool) ItaniumMangle.cpp:0:0
 #24 0x000055e423ef8840 (anonymous namespace)::CXXNameMangler::mangleTemplateArgs(clang::TemplateName, clang::TemplateArgumentList const&) ItaniumMangle.cpp:0:0
 #25 0x000055e423ee4f11 (anonymous namespace)::CXXNameMangler::mangleNameWithAbiTags(clang::GlobalDecl, llvm::SmallVector<llvm::StringRef, 4u> const*) ItaniumMangle.cpp:0:0
 #26 0x000055e423ee5687 (anonymous namespace)::CXXNameMangler::mangleName(clang::GlobalDecl) ItaniumMangle.cpp:0:0
 #27 0x000055e423ee6776 (anonymous namespace)::CXXNameMangler::mangleType(clang::QualType) ItaniumMangle.cpp:0:0
 #28 0x000055e423ee661a (anonymous namespace)::CXXNameMangler::mangleType(clang::QualType) ItaniumMangle.cpp:0:0
 #29 0x000055e423ee67dd (anonymous namespace)::CXXNameMangler::mangleType(clang::QualType) ItaniumMangle.cpp:0:0
 #30 0x000055e423ef2a69 (anonymous namespace)::CXXNameMangler::mangleBareFunctionType(clang::FunctionProtoType const*, bool, clang::FunctionDecl const*) ItaniumMangle.cpp:0:0
 #31 0x000055e423ef39cc (anonymous namespace)::CXXNameMangler::mangleFunctionEncoding(clang::GlobalDecl) ItaniumMangle.cpp:0:0
 #32 0x000055e423ee477a (anonymous namespace)::CXXNameMangler::mangleLocalName(clang::GlobalDecl, llvm::SmallVector<llvm::StringRef, 4u> const*) ItaniumMangle.cpp:0:0
 #33 0x000055e423ee5687 (anonymous namespace)::CXXNameMangler::mangleName(clang::GlobalDecl) ItaniumMangle.cpp:0:0
 #34 0x000055e423ee6776 (anonymous namespace)::CXXNameMangler::mangleType(clang::QualType) ItaniumMangle.cpp:0:0
 #35 0x000055e423efb200 (anonymous namespace)::CXXNameMangler::mangleTemplateArg(clang::TemplateArgument, bool) ItaniumMangle.cpp:0:0
 #36 0x000055e423ef8840 (anonymous namespace)::CXXNameMangler::mangleTemplateArgs(clang::TemplateName, clang::TemplateArgumentList const&) ItaniumMangle.cpp:0:0
 #37 0x000055e423ee4f11 (anonymous namespace)::CXXNameMangler::mangleNameWithAbiTags(clang::GlobalDecl, llvm::SmallVector<llvm::StringRef, 4u> const*) ItaniumMangle.cpp:0:0
 #38 0x000055e423ee5687 (anonymous namespace)::CXXNameMangler::mangleName(clang::GlobalDecl) ItaniumMangle.cpp:0:0
 #39 0x000055e423ee6776 (anonymous namespace)::CXXNameMangler::mangleType(clang::QualType) ItaniumMangle.cpp:0:0
 #40 0x000055e423ee661a (anonymous namespace)::CXXNameMangler::mangleType(clang::QualType) ItaniumMangle.cpp:0:0
 #41 0x000055e423ee67dd (anonymous namespace)::CXXNameMangler::mangleType(clang::QualType) ItaniumMangle.cpp:0:0
 #42 0x000055e423ef2a69 (anonymous namespace)::CXXNameMangler::mangleBareFunctionType(clang::FunctionProtoType const*, bool, clang::FunctionDecl const*) ItaniumMangle.cpp:0:0
 #43 0x000055e423ef39cc (anonymous namespace)::CXXNameMangler::mangleFunctionEncoding(clang::GlobalDecl) ItaniumMangle.cpp:0:0
 #44 0x000055e423ee477a (anonymous namespace)::CXXNameMangler::mangleLocalName(clang::GlobalDecl, llvm::SmallVector<llvm::StringRef, 4u> const*) ItaniumMangle.cpp:0:0
 #45 0x000055e423ee5687 (anonymous namespace)::CXXNameMangler::mangleName(clang::GlobalDecl) ItaniumMangle.cpp:0:0
 #46 0x000055e423ee6776 (anonymous namespace)::CXXNameMangler::mangleType(clang::QualType) ItaniumMangle.cpp:0:0
 #47 0x000055e423efb200 (anonymous namespace)::CXXNameMangler::mangleTemplateArg(clang::TemplateArgument, bool) ItaniumMangle.cpp:0:0
 #48 0x000055e423ef8840 (anonymous namespace)::CXXNameMangler::mangleTemplateArgs(clang::TemplateName, clang::TemplateArgumentList const&) ItaniumMangle.cpp:0:0
 #49 0x000055e423ee4f11 (anonymous namespace)::CXXNameMangler::mangleNameWithAbiTags(clang::GlobalDecl, llvm::SmallVector<llvm::StringRef, 4u> const*) ItaniumMangle.cpp:0:0
 #50 0x000055e423ee5687 (anonymous namespace)::CXXNameMangler::mangleName(clang::GlobalDecl) ItaniumMangle.cpp:0:0
 #51 0x000055e423ee6776 (anonymous namespace)::CXXNameMangler::mangleType(clang::QualType) ItaniumMangle.cpp:0:0
 #52 0x000055e423ee661a (anonymous namespace)::CXXNameMangler::mangleType(clang::QualType) ItaniumMangle.cpp:0:0
 #53 0x000055e423ee67dd (anonymous namespace)::CXXNameMangler::mangleType(clang::QualType) ItaniumMangle.cpp:0:0
 #54 0x000055e423ef2a69 (anonymous namespace)::CXXNameMangler::mangleBareFunctionType(clang::FunctionProtoType const*, bool, clang::FunctionDecl const*) ItaniumMangle.cpp:0:0
 #55 0x000055e423ef39cc (anonymous namespace)::CXXNameMangler::mangleFunctionEncoding(clang::GlobalDecl) ItaniumMangle.cpp:0:0
 #56 0x000055e423ee477a (anonymous namespace)::CXXNameMangler::mangleLocalName(clang::GlobalDecl, llvm::SmallVector<llvm::StringRef, 4u> const*) ItaniumMangle.cpp:0:0
 #57 0x000055e423ee5687 (anonymous namespace)::CXXNameMangler::mangleName(clang::GlobalDecl) ItaniumMangle.cpp:0:0
 #58 0x000055e423ee6776 (anonymous namespace)::CXXNameMangler::mangleType(clang::QualType) ItaniumMangle.cpp:0:0
 #59 0x000055e423efb200 (anonymous namespace)::CXXNameMangler::mangleTemplateArg(clang::TemplateArgument, bool) ItaniumMangle.cpp:0:0
 #60 0x000055e423ef8840 (anonymous namespace)::CXXNameMangler::mangleTemplateArgs(clang::TemplateName, clang::TemplateArgumentList const&) ItaniumMangle.cpp:0:0
 #61 0x000055e423ee4f11 (anonymous namespace)::CXXNameMangler::mangleNameWithAbiTags(clang::GlobalDecl, llvm::SmallVector<llvm::StringRef, 4u> const*) ItaniumMangle.cpp:0:0
 #62 0x000055e423ee5687 (anonymous namespace)::CXXNameMangler::mangleName(clang::GlobalDecl) ItaniumMangle.cpp:0:0
 #63 0x000055e423ee6776 (anonymous namespace)::CXXNameMangler::mangleType(clang::QualType) ItaniumMangle.cpp:0:0
 #64 0x000055e423ee661a (anonymous namespace)::CXXNameMangler::mangleType(clang::QualType) ItaniumMangle.cpp:0:0
 #65 0x000055e423ee67dd (anonymous namespace)::CXXNameMangler::mangleType(clang::QualType) ItaniumMangle.cpp:0:0
 #66 0x000055e423ef2a69 (anonymous namespace)::CXXNameMangler::mangleBareFunctionType(clang::FunctionProtoType const*, bool, clang::FunctionDecl const*) ItaniumMangle.cpp:0:0
 #67 0x000055e423ef39cc (anonymous namespace)::CXXNameMangler::mangleFunctionEncoding(clang::GlobalDecl) ItaniumMangle.cpp:0:0
 #68 0x000055e423ee477a (anonymous namespace)::CXXNameMangler::mangleLocalName(clang::GlobalDecl, llvm::SmallVector<llvm::StringRef, 4u> const*) ItaniumMangle.cpp:0:0
 #69 0x000055e423ee5687 (anonymous namespace)::CXXNameMangler::mangleName(clang::GlobalDecl) ItaniumMangle.cpp:0:0
 #70 0x000055e423ee6776 (anonymous namespace)::CXXNameMangler::mangleType(clang::QualType) ItaniumMangle.cpp:0:0
 #71 0x000055e423efb200 (anonymous namespace)::CXXNameMangler::mangleTemplateArg(clang::TemplateArgument, bool) ItaniumMangle.cpp:0:0
 #72 0x000055e423ef8840 (anonymous namespace)::CXXNameMangler::mangleTemplateArgs(clang::TemplateName, clang::TemplateArgumentList const&) ItaniumMangle.cpp:0:0
 #73 0x000055e423ee4f11 (anonymous namespace)::CXXNameMangler::mangleNameWithAbiTags(clang::GlobalDecl, llvm::SmallVector<llvm::StringRef, 4u> const*) ItaniumMangle.cpp:0:0
 #74 0x000055e423ee5687 (anonymous namespace)::CXXNameMangler::mangleName(clang::GlobalDecl) ItaniumMangle.cpp:0:0
 #75 0x000055e423ee6776 (anonymous namespace)::CXXNameMangler::mangleType(clang::QualType) ItaniumMangle.cpp:0:0
 #76 0x000055e423ee661a (anonymous namespace)::CXXNameMangler::mangleType(clang::QualType) ItaniumMangle.cpp:0:0
 #77 0x000055e423ee67dd (anonymous namespace)::CXXNameMangler::mangleType(clang::QualType) ItaniumMangle.cpp:0:0
 #78 0x000055e423ef2a69 (anonymous namespace)::CXXNameMangler::mangleBareFunctionType(clang::FunctionProtoType const*, bool, clang::FunctionDecl const*) ItaniumMangle.cpp:0:0
 #79 0x000055e423ef39cc (anonymous namespace)::CXXNameMangler::mangleFunctionEncoding(clang::GlobalDecl) ItaniumMangle.cpp:0:0
 #80 0x000055e423ee477a (anonymous namespace)::CXXNameMangler::mangleLocalName(clang::GlobalDecl, llvm::SmallVector<llvm::StringRef, 4u> const*) ItaniumMangle.cpp:0:0
 #81 0x000055e423ee5687 (anonymous namespace)::CXXNameMangler::mangleName(clang::GlobalDecl) ItaniumMangle.cpp:0:0
 #82 0x000055e423ee6776 (anonymous namespace)::CXXNameMangler::mangleType(clang::QualType) ItaniumMangle.cpp:0:0
 #83 0x000055e423efb200 (anonymous namespace)::CXXNameMangler::mangleTemplateArg(clang::TemplateArgument, bool) ItaniumMangle.cpp:0:0
 #84 0x000055e423ef8840 (anonymous namespace)::CXXNameMangler::mangleTemplateArgs(clang::TemplateName, clang::TemplateArgumentList const&) ItaniumMangle.cpp:0:0
 #85 0x000055e423ee4f11 (anonymous namespace)::CXXNameMangler::mangleNameWithAbiTags(clang::GlobalDecl, llvm::SmallVector<llvm::StringRef, 4u> const*) ItaniumMangle.cpp:0:0
 #86 0x000055e423ee5687 (anonymous namespace)::CXXNameMangler::mangleName(clang::GlobalDecl) ItaniumMangle.cpp:0:0
 #87 0x000055e423ee6776 (anonymous namespace)::CXXNameMangler::mangleType(clang::QualType) ItaniumMangle.cpp:0:0
 #88 0x000055e423ee661a (anonymous namespace)::CXXNameMangler::mangleType(clang::QualType) ItaniumMangle.cpp:0:0
 #89 0x000055e423ee67dd (anonymous namespace)::CXXNameMangler::mangleType(clang::QualType) ItaniumMangle.cpp:0:0
 #90 0x000055e423ef2a69 (anonymous namespace)::CXXNameMangler::mangleBareFunctionType(clang::FunctionProtoType const*, bool, clang::FunctionDecl const*) ItaniumMangle.cpp:0:0
 #91 0x000055e423ef39cc (anonymous namespace)::CXXNameMangler::mangleFunctionEncoding(clang::GlobalDecl) ItaniumMangle.cpp:0:0
 #92 0x000055e423ee477a (anonymous namespace)::CXXNameMangler::mangleLocalName(clang::GlobalDecl, llvm::SmallVector<llvm::StringRef, 4u> const*) ItaniumMangle.cpp:0:0
 #93 0x000055e423ee5687 (anonymous namespace)::CXXNameMangler::mangleName(clang::GlobalDecl) ItaniumMangle.cpp:0:0
 #94 0x000055e423ee6776 (anonymous namespace)::CXXNameMangler::mangleType(clang::QualType) ItaniumMangle.cpp:0:0
 #95 0x000055e423efb200 (anonymous namespace)::CXXNameMangler::mangleTemplateArg(clang::TemplateArgument, bool) ItaniumMangle.cpp:0:0
 #96 0x000055e423ef8840 (anonymous namespace)::CXXNameMangler::mangleTemplateArgs(clang::TemplateName, clang::TemplateArgumentList const&) ItaniumMangle.cpp:0:0
 #97 0x000055e423ee4f11 (anonymous namespace)::CXXNameMangler::mangleNameWithAbiTags(clang::GlobalDecl, llvm::SmallVector<llvm::StringRef, 4u> const*) ItaniumMangle.cpp:0:0
 #98 0x000055e423ee5687 (anonymous namespace)::CXXNameMangler::mangleName(clang::GlobalDecl) ItaniumMangle.cpp:0:0
 #99 0x000055e423ee6776 (anonymous namespace)::CXXNameMangler::mangleType(clang::QualType) ItaniumMangle.cpp:0:0
#100 0x000055e423ee661a (anonymous namespace)::CXXNameMangler::mangleType(clang::QualType) ItaniumMangle.cpp:0:0
#101 0x000055e423ee67dd (anonymous namespace)::CXXNameMangler::mangleType(clang::QualType) ItaniumMangle.cpp:0:0
#102 0x000055e423ef2a69 (anonymous namespace)::CXXNameMangler::mangleBareFunctionType(clang::FunctionProtoType const*, bool, clang::FunctionDecl const*) ItaniumMangle.cpp:0:0
#103 0x000055e423ef39cc (anonymous namespace)::CXXNameMangler::mangleFunctionEncoding(clang::GlobalDecl) ItaniumMangle.cpp:0:0
#104 0x000055e423ee477a (anonymous namespace)::CXXNameMangler::mangleLocalName(clang::GlobalDecl, llvm::SmallVector<llvm::StringRef, 4u> const*) ItaniumMangle.cpp:0:0
#105 0x000055e423ee5687 (anonymous namespace)::CXXNameMangler::mangleName(clang::GlobalDecl) ItaniumMangle.cpp:0:0
#106 0x000055e423ee6776 (anonymous namespace)::CXXNameMangler::mangleType(clang::QualType) ItaniumMangle.cpp:0:0
#107 0x000055e423efb200 (anonymous namespace)::CXXNameMangler::mangleTemplateArg(clang::TemplateArgument, bool) ItaniumMangle.cpp:0:0
#108 0x000055e423ef8840 (anonymous namespace)::CXXNameMangler::mangleTemplateArgs(clang::TemplateName, clang::TemplateArgumentList const&) ItaniumMangle.cpp:0:0
#109 0x000055e423ee4f11 (anonymous namespace)::CXXNameMangler::mangleNameWithAbiTags(clang::GlobalDecl, llvm::SmallVector<llvm::StringRef, 4u> const*) ItaniumMangle.cpp:0:0
#110 0x000055e423ee5687 (anonymous namespace)::CXXNameMangler::mangleName(clang::GlobalDecl) ItaniumMangle.cpp:0:0
#111 0x000055e423ee6776 (anonymous namespace)::CXXNameMangler::mangleType(clang::QualType) ItaniumMangle.cpp:0:0
#112 0x000055e423ee661a (anonymous namespace)::CXXNameMangler::mangleType(clang::QualType) ItaniumMangle.cpp:0:0
#113 0x000055e423ee67dd (anonymous namespace)::CXXNameMangler::mangleType(clang::QualType) ItaniumMangle.cpp:0:0
#114 0x000055e423ef2a69 (anonymous namespace)::CXXNameMangler::mangleBareFunctionType(clang::FunctionProtoType const*, bool, clang::FunctionDecl const*) ItaniumMangle.cpp:0:0
#115 0x000055e423ef39cc (anonymous namespace)::CXXNameMangler::mangleFunctionEncoding(clang::GlobalDecl) ItaniumMangle.cpp:0:0
#116 0x000055e423ee477a (anonymous namespace)::CXXNameMangler::mangleLocalName(clang::GlobalDecl, llvm::SmallVector<llvm::StringRef, 4u> const*) ItaniumMangle.cpp:0:0
#117 0x000055e423ee5687 (anonymous namespace)::CXXNameMangler::mangleName(clang::GlobalDecl) ItaniumMangle.cpp:0:0
#118 0x000055e423ee6776 (anonymous namespace)::CXXNameMangler::mangleType(clang::QualType) ItaniumMangle.cpp:0:0
#119 0x000055e423efb200 (anonymous namespace)::CXXNameMangler::mangleTemplateArg(clang::TemplateArgument, bool) ItaniumMangle.cpp:0:0
#120 0x000055e423ef8840 (anonymous namespace)::CXXNameMangler::mangleTemplateArgs(clang::TemplateName, clang::TemplateArgumentList const&) ItaniumMangle.cpp:0:0
#121 0x000055e423ee4f11 (anonymous namespace)::CXXNameMangler::mangleNameWithAbiTags(clang::GlobalDecl, llvm::SmallVector<llvm::StringRef, 4u> const*) ItaniumMangle.cpp:0:0
#122 0x000055e423ee5687 (anonymous namespace)::CXXNameMangler::mangleName(clang::GlobalDecl) ItaniumMangle.cpp:0:0
#123 0x000055e423ee6776 (anonymous namespace)::CXXNameMangler::mangleType(clang::QualType) ItaniumMangle.cpp:0:0
#124 0x000055e423ee661a (anonymous namespace)::CXXNameMangler::mangleType(clang::QualType) ItaniumMangle.cpp:0:0
#125 0x000055e423ee67dd (anonymous namespace)::CXXNameMangler::mangleType(clang::QualType) ItaniumMangle.cpp:0:0
#126 0x000055e423ef2a69 (anonymous namespace)::CXXNameMangler::mangleBareFunctionType(clang::FunctionProtoType const*, bool, clang::FunctionDecl const*) ItaniumMangle.cpp:0:0
#127 0x000055e423ef39cc (anonymous namespace)::CXXNameMangler::mangleFunctionEncoding(clang::GlobalDecl) ItaniumMangle.cpp:0:0
#128 0x000055e423ee477a (anonymous namespace)::CXXNameMangler::mangleLocalName(clang::GlobalDecl, llvm::SmallVector<llvm::StringRef, 4u> const*) ItaniumMangle.cpp:0:0
#129 0x000055e423ee5687 (anonymous namespace)::CXXNameMangler::mangleName(clang::GlobalDecl) ItaniumMangle.cpp:0:0
#130 0x000055e423ee6776 (anonymous namespace)::CXXNameMangler::mangleType(clang::QualType) ItaniumMangle.cpp:0:0
#131 0x000055e423efb200 (anonymous namespace)::CXXNameMangler::mangleTemplateArg(clang::TemplateArgument, bool) ItaniumMangle.cpp:0:0
#132 0x000055e423ef8840 (anonymous namespace)::CXXNameMangler::mangleTemplateArgs(clang::TemplateName, clang::TemplateArgumentList const&) ItaniumMangle.cpp:0:0
#133 0x000055e423ee4f11 (anonymous namespace)::CXXNameMangler::mangleNameWithAbiTags(clang::GlobalDecl, llvm::SmallVector<llvm::StringRef, 4u> const*) ItaniumMangle.cpp:0:0
#134 0x000055e423ee5687 (anonymous namespace)::CXXNameMangler::mangleName(clang::GlobalDecl) ItaniumMangle.cpp:0:0
#135 0x000055e423ee6776 (anonymous namespace)::CXXNameMangler::mangleType(clang::QualType) ItaniumMangle.cpp:0:0
#136 0x000055e423ee661a (anonymous namespace)::CXXNameMangler::mangleType(clang::QualType) ItaniumMangle.cpp:0:0
#137 0x000055e423ee67dd (anonymous namespace)::CXXNameMangler::mangleType(clang::QualType) ItaniumMangle.cpp:0:0
#138 0x000055e423ef2a69 (anonymous namespace)::CXXNameMangler::mangleBareFunctionType(clang::FunctionProtoType const*, bool, clang::FunctionDecl const*) ItaniumMangle.cpp:0:0
#139 0x000055e423ef39cc (anonymous namespace)::CXXNameMangler::mangleFunctionEncoding(clang::GlobalDecl) ItaniumMangle.cpp:0:0
#140 0x000055e423ee477a (anonymous namespace)::CXXNameMangler::mangleLocalName(clang::GlobalDecl, llvm::SmallVector<llvm::StringRef, 4u> const*) ItaniumMangle.cpp:0:0
#141 0x000055e423ee5687 (anonymous namespace)::CXXNameMangler::mangleName(clang::GlobalDecl) ItaniumMangle.cpp:0:0
#142 0x000055e423ee6776 (anonymous namespace)::CXXNameMangler::mangleType(clang::QualType) ItaniumMangle.cpp:0:0
#143 0x000055e423efb200 (anonymous namespace)::CXXNameMangler::mangleTemplateArg(clang::TemplateArgument, bool) ItaniumMangle.cpp:0:0
#144 0x000055e423ef8840 (anonymous namespace)::CXXNameMangler::mangleTemplateArgs(clang::TemplateName, clang::TemplateArgumentList const&) ItaniumMangle.cpp:0:0
#145 0x000055e423ee4f11 (anonymous namespace)::CXXNameMangler::mangleNameWithAbiTags(clang::GlobalDecl, llvm::SmallVector<llvm::StringRef, 4u> const*) ItaniumMangle.cpp:0:0
#146 0x000055e423ee5687 (anonymous namespace)::CXXNameMangler::mangleName(clang::GlobalDecl) ItaniumMangle.cpp:0:0
#147 0x000055e423ee6776 (anonymous namespace)::CXXNameMangler::mangleType(clang::QualType) ItaniumMangle.cpp:0:0
#148 0x000055e423ee661a (anonymous namespace)::CXXNameMangler::mangleType(clang::QualType) ItaniumMangle.cpp:0:0
#149 0x000055e423ee67dd (anonymous namespace)::CXXNameMangler::mangleType(clang::QualType) ItaniumMangle.cpp:0:0
#150 0x000055e423ef2a69 (anonymous namespace)::CXXNameMangler::mangleBareFunctionType(clang::FunctionProtoType const*, bool, clang::FunctionDecl const*) ItaniumMangle.cpp:0:0
#151 0x000055e423ef39cc (anonymous namespace)::CXXNameMangler::mangleFunctionEncoding(clang::GlobalDecl) ItaniumMangle.cpp:0:0
#152 0x000055e423ee477a (anonymous namespace)::CXXNameMangler::mangleLocalName(clang::GlobalDecl, llvm::SmallVector<llvm::StringRef, 4u> const*) ItaniumMangle.cpp:0:0
#153 0x000055e423ee5687 (anonymous namespace)::CXXNameMangler::mangleName(clang::GlobalDecl) ItaniumMangle.cpp:0:0
#154 0x000055e423ee6776 (anonymous namespace)::CXXNameMangler::mangleType(clang::QualType) ItaniumMangle.cpp:0:0
#155 0x000055e423efb200 (anonymous namespace)::CXXNameMangler::mangleTemplateArg(clang::TemplateArgument, bool) ItaniumMangle.cpp:0:0
#156 0x000055e423ef8840 (anonymous namespace)::CXXNameMangler::mangleTemplateArgs(clang::TemplateName, clang::TemplateArgumentList const&) ItaniumMangle.cpp:0:0
#157 0x000055e423ee4f11 (anonymous namespace)::CXXNameMangler::mangleNameWithAbiTags(clang::GlobalDecl, llvm::SmallVector<llvm::StringRef, 4u> const*) ItaniumMangle.cpp:0:0
#158 0x000055e423ee5687 (anonymous namespace)::CXXNameMangler::mangleName(clang::GlobalDecl) ItaniumMangle.cpp:0:0
#159 0x000055e423ee6776 (anonymous namespace)::CXXNameMangler::mangleType(clang::QualType) ItaniumMangle.cpp:0:0
#160 0x000055e423ee661a (anonymous namespace)::CXXNameMangler::mangleType(clang::QualType) ItaniumMangle.cpp:0:0
#161 0x000055e423ee67dd (anonymous namespace)::CXXNameMangler::mangleType(clang::QualType) ItaniumMangle.cpp:0:0
#162 0x000055e423ef2a69 (anonymous namespace)::CXXNameMangler::mangleBareFunctionType(clang::FunctionProtoType const*, bool, clang::FunctionDecl const*) ItaniumMangle.cpp:0:0
#163 0x000055e423ef39cc (anonymous namespace)::CXXNameMangler::mangleFunctionEncoding(clang::GlobalDecl) ItaniumMangle.cpp:0:0
#164 0x000055e423ee477a (anonymous namespace)::CXXNameMangler::mangleLocalName(clang::GlobalDecl, llvm::SmallVector<llvm::StringRef, 4u> const*) ItaniumMangle.cpp:0:0
#165 0x000055e423ee5687 (anonymous namespace)::CXXNameMangler::mangleName(clang::GlobalDecl) ItaniumMangle.cpp:0:0
#166 0x000055e423ee6776 (anonymous namespace)::CXXNameMangler::mangleType(clang::QualType) ItaniumMangle.cpp:0:0
#167 0x000055e423efb200 (anonymous namespace)::CXXNameMangler::mangleTemplateArg(clang::TemplateArgument, bool) ItaniumMangle.cpp:0:0
#168 0x000055e423ef8840 (anonymous namespace)::CXXNameMangler::mangleTemplateArgs(clang::TemplateName, clang::TemplateArgumentList const&) ItaniumMangle.cpp:0:0
#169 0x000055e423ee4f11 (anonymous namespace)::CXXNameMangler::mangleNameWithAbiTags(clang::GlobalDecl, llvm::SmallVector<llvm::StringRef, 4u> const*) ItaniumMangle.cpp:0:0
#170 0x000055e423ee5687 (anonymous namespace)::CXXNameMangler::mangleName(clang::GlobalDecl) ItaniumMangle.cpp:0:0
#171 0x000055e423ee6776 (anonymous namespace)::CXXNameMangler::mangleType(clang::QualType) ItaniumMangle.cpp:0:0
#172 0x000055e423ee661a (anonymous namespace)::CXXNameMangler::mangleType(clang::QualType) ItaniumMangle.cpp:0:0
#173 0x000055e423ee67dd (anonymous namespace)::CXXNameMangler::mangleType(clang::QualType) ItaniumMangle.cpp:0:0
#174 0x000055e423ef2a69 (anonymous namespace)::CXXNameMangler::mangleBareFunctionType(clang::FunctionProtoType const*, bool, clang::FunctionDecl const*) ItaniumMangle.cpp:0:0
#175 0x000055e423ef39cc (anonymous namespace)::CXXNameMangler::mangleFunctionEncoding(clang::GlobalDecl) ItaniumMangle.cpp:0:0
#176 0x000055e423ee477a (anonymous namespace)::CXXNameMangler::mangleLocalName(clang::GlobalDecl, llvm::SmallVector<llvm::StringRef, 4u> const*) ItaniumMangle.cpp:0:0
#177 0x000055e423ee5687 (anonymous namespace)::CXXNameMangler::mangleName(clang::GlobalDecl) ItaniumMangle.cpp:0:0
#178 0x000055e423ee6776 (anonymous namespace)::CXXNameMangler::mangleType(clang::QualType) ItaniumMangle.cpp:0:0
#179 0x000055e423efb200 (anonymous namespace)::CXXNameMangler::mangleTemplateArg(clang::TemplateArgument, bool) ItaniumMangle.cpp:0:0
#180 0x000055e423ef8840 (anonymous namespace)::CXXNameMangler::mangleTemplateArgs(clang::TemplateName, clang::TemplateArgumentList const&) ItaniumMangle.cpp:0:0
#181 0x000055e423ee4f11 (anonymous namespace)::CXXNameMangler::mangleNameWithAbiTags(clang::GlobalDecl, llvm::SmallVector<llvm::StringRef, 4u> const*) ItaniumMangle.cpp:0:0
#182 0x000055e423ee5687 (anonymous namespace)::CXXNameMangler::mangleName(clang::GlobalDecl) ItaniumMangle.cpp:0:0
#183 0x000055e423ee6776 (anonymous namespace)::CXXNameMangler::mangleType(clang::QualType) ItaniumMangle.cpp:0:0
#184 0x000055e423ee661a (anonymous namespace)::CXXNameMangler::mangleType(clang::QualType) ItaniumMangle.cpp:0:0
#185 0x000055e423ee67dd (anonymous namespace)::CXXNameMangler::mangleType(clang::QualType) ItaniumMangle.cpp:0:0
#186 0x000055e423ef2a69 (anonymous namespace)::CXXNameMangler::mangleBareFunctionType(clang::FunctionProtoType const*, bool, clang::FunctionDecl const*) ItaniumMangle.cpp:0:0
#187 0x000055e423ef39cc (anonymous namespace)::CXXNameMangler::mangleFunctionEncoding(clang::GlobalDecl) ItaniumMangle.cpp:0:0
#188 0x000055e423ee477a (anonymous namespace)::CXXNameMangler::mangleLocalName(clang::GlobalDecl, llvm::SmallVector<llvm::StringRef, 4u> const*) ItaniumMangle.cpp:0:0
#189 0x000055e423ee5687 (anonymous namespace)::CXXNameMangler::mangleName(clang::GlobalDecl) ItaniumMangle.cpp:0:0
#190 0x000055e423ee6776 (anonymous namespace)::CXXNameMangler::mangleType(clang::QualType) ItaniumMangle.cpp:0:0
#191 0x000055e423efb200 (anonymous namespace)::CXXNameMangler::mangleTemplateArg(clang::TemplateArgument, bool) ItaniumMangle.cpp:0:0
#192 0x000055e423ef8840 (anonymous namespace)::CXXNameMangler::mangleTemplateArgs(clang::TemplateName, clang::TemplateArgumentList const&) ItaniumMangle.cpp:0:0
#193 0x000055e423ee4f11 (anonymous namespace)::CXXNameMangler::mangleNameWithAbiTags(clang::GlobalDecl, llvm::SmallVector<llvm::StringRef, 4u> const*) ItaniumMangle.cpp:0:0
#194 0x000055e423ee5687 (anonymous namespace)::CXXNameMangler::mangleName(clang::GlobalDecl) ItaniumMangle.cpp:0:0
#195 0x000055e423ee6776 (anonymous namespace)::CXXNameMangler::mangleType(clang::QualType) ItaniumMangle.cpp:0:0
#196 0x000055e423ee661a (anonymous namespace)::CXXNameMangler::mangleType(clang::QualType) ItaniumMangle.cpp:0:0
#197 0x000055e423ee67dd (anonymous namespace)::CXXNameMangler::mangleType(clang::QualType) ItaniumMangle.cpp:0:0
#198 0x000055e423ef2a69 (anonymous namespace)::CXXNameMangler::mangleBareFunctionType(clang::FunctionProtoType const*, bool, clang::FunctionDecl const*) ItaniumMangle.cpp:0:0
#199 0x000055e423ef39cc (anonymous namespace)::CXXNameMangler::mangleFunctionEncoding(clang::GlobalDecl) ItaniumMangle.cpp:0:0
#200 0x000055e423ee477a (anonymous namespace)::CXXNameMangler::mangleLocalName(clang::GlobalDecl, llvm::SmallVector<llvm::StringRef, 4u> const*) ItaniumMangle.cpp:0:0
#201 0x000055e423ee5687 (anonymous namespace)::CXXNameMangler::mangleName(clang::GlobalDecl) ItaniumMangle.cpp:0:0
#202 0x000055e423ee6776 (anonymous namespace)::CXXNameMangler::mangleType(clang::QualType) ItaniumMangle.cpp:0:0
#203 0x000055e423efb200 (anonymous namespace)::CXXNameMangler::mangleTemplateArg(clang::TemplateArgument, bool) ItaniumMangle.cpp:0:0
#204 0x000055e423ef8840 (anonymous namespace)::CXXNameMangler::mangleTemplateArgs(clang::TemplateName, clang::TemplateArgumentList const&) ItaniumMangle.cpp:0:0
#205 0x000055e423ee4f11 (anonymous namespace)::CXXNameMangler::mangleNameWithAbiTags(clang::GlobalDecl, llvm::SmallVector<llvm::StringRef, 4u> const*) ItaniumMangle.cpp:0:0
#206 0x000055e423ee5687 (anonymous namespace)::CXXNameMangler::mangleName(clang::GlobalDecl) ItaniumMangle.cpp:0:0
#207 0x000055e423ee6776 (anonymous namespace)::CXXNameMangler::mangleType(clang::QualType) ItaniumMangle.cpp:0:0
#208 0x000055e423ee661a (anonymous namespace)::CXXNameMangler::mangleType(clang::QualType) ItaniumMangle.cpp:0:0
#209 0x000055e423ee67dd (anonymous namespace)::CXXNameMangler::mangleType(clang::QualType) ItaniumMangle.cpp:0:0
#210 0x000055e423ef2a69 (anonymous namespace)::CXXNameMangler::mangleBareFunctionType(clang::FunctionProtoType const*, bool, clang::FunctionDecl const*) ItaniumMangle.cpp:0:0
#211 0x000055e423ef39cc (anonymous namespace)::CXXNameMangler::mangleFunctionEncoding(clang::GlobalDecl) ItaniumMangle.cpp:0:0
#212 0x000055e423ee477a (anonymous namespace)::CXXNameMangler::mangleLocalName(clang::GlobalDecl, llvm::SmallVector<llvm::StringRef, 4u> const*) ItaniumMangle.cpp:0:0
#213 0x000055e423ee5687 (anonymous namespace)::CXXNameMangler::mangleName(clang::GlobalDecl) ItaniumMangle.cpp:0:0
#214 0x000055e423ee6776 (anonymous namespace)::CXXNameMangler::mangleType(clang::QualType) ItaniumMangle.cpp:0:0
#215 0x000055e423efb200 (anonymous namespace)::CXXNameMangler::mangleTemplateArg(clang::TemplateArgument, bool) ItaniumMangle.cpp:0:0
#216 0x000055e423ef8840 (anonymous namespace)::CXXNameMangler::mangleTemplateArgs(clang::TemplateName, clang::TemplateArgumentList const&) ItaniumMangle.cpp:0:0
#217 0x000055e423ee4f11 (anonymous namespace)::CXXNameMangler::mangleNameWithAbiTags(clang::GlobalDecl, llvm::SmallVector<llvm::StringRef, 4u> const*) ItaniumMangle.cpp:0:0
#218 0x000055e423ee5687 (anonymous namespace)::CXXNameMangler::mangleName(clang::GlobalDecl) ItaniumMangle.cpp:0:0
#219 0x000055e423ee6776 (anonymous namespace)::CXXNameMangler::mangleType(clang::QualType) ItaniumMangle.cpp:0:0
#220 0x000055e423ee661a (anonymous namespace)::CXXNameMangler::mangleType(clang::QualType) ItaniumMangle.cpp:0:0
#221 0x000055e423ee67dd (anonymous namespace)::CXXNameMangler::mangleType(clang::QualType) ItaniumMangle.cpp:0:0
#222 0x000055e423ef2a69 (anonymous namespace)::CXXNameMangler::mangleBareFunctionType(clang::FunctionProtoType const*, bool, clang::FunctionDecl const*) ItaniumMangle.cpp:0:0
#223 0x000055e423ef39cc (anonymous namespace)::CXXNameMangler::mangleFunctionEncoding(clang::GlobalDecl) ItaniumMangle.cpp:0:0
#224 0x000055e423ee477a (anonymous namespace)::CXXNameMangler::mangleLocalName(clang::GlobalDecl, llvm::SmallVector<llvm::StringRef, 4u> const*) ItaniumMangle.cpp:0:0
#225 0x000055e423ee5687 (anonymous namespace)::CXXNameMangler::mangleName(clang::GlobalDecl) ItaniumMangle.cpp:0:0
#226 0x000055e423ee6776 (anonymous namespace)::CXXNameMangler::mangleType(clang::QualType) ItaniumMangle.cpp:0:0
#227 0x000055e423efb200 (anonymous namespace)::CXXNameMangler::mangleTemplateArg(clang::TemplateArgument, bool) ItaniumMangle.cpp:0:0
#228 0x000055e423ef8840 (anonymous namespace)::CXXNameMangler::mangleTemplateArgs(clang::TemplateName, clang::TemplateArgumentList const&) ItaniumMangle.cpp:0:0
#229 0x000055e423ee4f11 (anonymous namespace)::CXXNameMangler::mangleNameWithAbiTags(clang::GlobalDecl, llvm::SmallVector<llvm::StringRef, 4u> const*) ItaniumMangle.cpp:0:0
#230 0x000055e423ee5687 (anonymous namespace)::CXXNameMangler::mangleName(clang::GlobalDecl) ItaniumMangle.cpp:0:0
#231 0x000055e423ee6776 (anonymous namespace)::CXXNameMangler::mangleType(clang::QualType) ItaniumMangle.cpp:0:0
#232 0x000055e423ee661a (anonymous namespace)::CXXNameMangler::mangleType(clang::QualType) ItaniumMangle.cpp:0:0
#233 0x000055e423ee67dd (anonymous namespace)::CXXNameMangler::mangleType(clang::QualType) ItaniumMangle.cpp:0:0
#234 0x000055e423ef2a69 (anonymous namespace)::CXXNameMangler::mangleBareFunctionType(clang::FunctionProtoType const*, bool, clang::FunctionDecl const*) ItaniumMangle.cpp:0:0
#235 0x000055e423ef39cc (anonymous namespace)::CXXNameMangler::mangleFunctionEncoding(clang::GlobalDecl) ItaniumMangle.cpp:0:0
#236 0x000055e423ee477a (anonymous namespace)::CXXNameMangler::mangleLocalName(clang::GlobalDecl, llvm::SmallVector<llvm::StringRef, 4u> const*) ItaniumMangle.cpp:0:0
#237 0x000055e423ee5687 (anonymous namespace)::CXXNameMangler::mangleName(clang::GlobalDecl) ItaniumMangle.cpp:0:0
#238 0x000055e423ee6776 (anonymous namespace)::CXXNameMangler::mangleType(clang::QualType) ItaniumMangle.cpp:0:0
#239 0x000055e423efb200 (anonymous namespace)::CXXNameMangler::mangleTemplateArg(clang::TemplateArgument, bool) ItaniumMangle.cpp:0:0
#240 0x000055e423ef8840 (anonymous namespace)::CXXNameMangler::mangleTemplateArgs(clang::TemplateName, clang::TemplateArgumentList const&) ItaniumMangle.cpp:0:0
#241 0x000055e423ee4f11 (anonymous namespace)::CXXNameMangler::mangleNameWithAbiTags(clang::GlobalDecl, llvm::SmallVector<llvm::StringRef, 4u> const*) ItaniumMangle.cpp:0:0
#242 0x000055e423ee5687 (anonymous namespace)::CXXNameMangler::mangleName(clang::GlobalDecl) ItaniumMangle.cpp:0:0
#243 0x000055e423ee6776 (anonymous namespace)::CXXNameMangler::mangleType(clang::QualType) ItaniumMangle.cpp:0:0
#244 0x000055e423ee661a (anonymous namespace)::CXXNameMangler::mangleType(clang::QualType) ItaniumMangle.cpp:0:0
#245 0x000055e423ee67dd (anonymous namespace)::CXXNameMangler::mangleType(clang::QualType) ItaniumMangle.cpp:0:0
#246 0x000055e423ef2a69 (anonymous namespace)::CXXNameMangler::mangleBareFunctionType(clang::FunctionProtoType const*, bool, clang::FunctionDecl const*) ItaniumMangle.cpp:0:0
#247 0x000055e423ef39cc (anonymous namespace)::CXXNameMangler::mangleFunctionEncoding(clang::GlobalDecl) ItaniumMangle.cpp:0:0
#248 0x000055e423ee477a (anonymous namespace)::CXXNameMangler::mangleLocalName(clang::GlobalDecl, llvm::SmallVector<llvm::StringRef, 4u> const*) ItaniumMangle.cpp:0:0
#249 0x000055e423ee5687 (anonymous namespace)::CXXNameMangler::mangleName(clang::GlobalDecl) ItaniumMangle.cpp:0:0
#250 0x000055e423ee6776 (anonymous namespace)::CXXNameMangler::mangleType(clang::QualType) ItaniumMangle.cpp:0:0
#251 0x000055e423efb200 (anonymous namespace)::CXXNameMangler::mangleTemplateArg(clang::TemplateArgument, bool) ItaniumMangle.cpp:0:0
#252 0x000055e423ef8840 (anonymous namespace)::CXXNameMangler::mangleTemplateArgs(clang::TemplateName, clang::TemplateArgumentList const&) ItaniumMangle.cpp:0:0
#253 0x000055e423ee4f11 (anonymous namespace)::CXXNameMangler::mangleNameWithAbiTags(clang::GlobalDecl, llvm::SmallVector<llvm::StringRef, 4u> const*) ItaniumMangle.cpp:0:0
#254 0x000055e423ee5687 (anonymous namespace)::CXXNameMangler::mangleName(clang::GlobalDecl) ItaniumMangle.cpp:0:0
#255 0x000055e423ee6776 (anonymous namespace)::CXXNameMangler::mangleType(clang::QualType) ItaniumMangle.cpp:0:0
clang++: error: unable to execute command: Segmentation fault (core dumped)
clang++: error: clang frontend command failed due to signal (use -v to see invocation)
clang version 20.1.8
Target: x86_64-unknown-linux-gnu
Thread model: posix
InstalledDir: /home/build/bin/llvm/bin
clang++: note: diagnostic msg: 
********************

PLEASE ATTACH THE FOLLOWING FILES TO THE BUG REPORT:
Preprocessed source(s) and associated run script(s) are located at:
clang++: note: diagnostic msg: /tmp/test-a1a98e.cpp
clang++: note: diagnostic msg: /tmp/test-a1a98e.sh
clang++: note: diagnostic msg: 

********************